<?xml version="1.0" encoding="UTF-8"?>
<!-- Generated by org.testng.reporters.JUnitXMLReporter -->
<testsuite ignored="0" hostname="DESKTOP-SO3FE79" failures="0" tests="3" name="ChromeBrowserTest" time="70.536" errors="0" timestamp="2022-05-24T11:51:31 IST">
  <testcase classname="test.TestngClass_CrossBrowser" name="buyAgainTab" time="6.969"/>
  <testcase classname="test.TestngClass_CrossBrowser" name="giftCardTab" time="12.241"/>
  <testcase classname="test.TestngClass_CrossBrowser" name="registrytab" time="8.004"/>
</testsuite> <!-- ChromeBrowserTest -->
