<?xml version="1.0" encoding="UTF-8"?>
<!-- Generated by org.testng.reporters.JUnitXMLReporter -->
<testsuite ignored="0" hostname="DESKTOP-SO3FE79" failures="0" tests="3" name="EdgeBrowserTest" time="13.177" errors="0" timestamp="2022-05-24T11:51:45 IST">
  <testcase classname="test.TestngClass_CrossBrowser" name="@BeforeMethod loginAmazon" time="11.785">
    <failure type="org.openqa.selenium.ElementNotInteractableException" message="element not interactable
  (Session info: MicrosoftEdge=101.0.1210.53)
Build info: version: &amp;apos;3.141.59&amp;apos;, revision: &amp;apos;e82be7d358&amp;apos;, time: &amp;apos;2018-11-14T08:17:03&amp;apos;
System info: host: &amp;apos;DESKTOP-SO3FE79&amp;apos;, ip: &amp;apos;192.168.1.43&amp;apos;, os.name: &amp;apos;Windows 11&amp;apos;, os.arch: &amp;apos;amd64&amp;apos;, os.version: &amp;apos;10.0&amp;apos;, java.version: &amp;apos;17.0.2&amp;apos;
Driver info: org.openqa.selenium.edge.EdgeDriver
Capabilities {acceptInsecureCerts: false, browserName: msedge, browserVersion: 101.0.1210.53, javascriptEnabled: true, ms:edgeOptions: {debuggerAddress: localhost:51093}, msedge: {msedgedriverVersion: 101.0.1210.47 (f5323bd54bb6..., userDataDir: C:\Users\Dell\AppData\Local...}, networkConnectionEnabled: false, pageLoadStrategy: normal, platform: WINDOWS, platformName: WINDOWS, proxy: Proxy(), setWindowRect: true, strictFileInteractability: false, timeouts: {implicit: 0, pageLoad: 300000, script: 30000}, unhandledPromptBehavior: dismiss and notify, webauthn:extension:credBlob: true, webauthn:extension:largeBlob: true, webauthn:virtualAuthenticators: true}
Session ID: 65ff50bf2f13b5c450d8662288c4b361">
      <![CDATA[org.openqa.selenium.ElementNotInteractableException: element not interactable
  (Session info: MicrosoftEdge=101.0.1210.53)
Build info: version: '3.141.59', revision: 'e82be7d358', time: '2018-11-14T08:17:03'
System info: host: 'DESKTOP-SO3FE79', ip: '192.168.1.43', os.name: 'Windows 11', os.arch: 'amd64', os.version: '10.0', java.version: '17.0.2'
Driver info: org.openqa.selenium.edge.EdgeDriver
Capabilities {acceptInsecureCerts: false, browserName: msedge, browserVersion: 101.0.1210.53, javascriptEnabled: true, ms:edgeOptions: {debuggerAddress: localhost:51093}, msedge: {msedgedriverVersion: 101.0.1210.47 (f5323bd54bb6..., userDataDir: C:\Users\Dell\AppData\Local...}, networkConnectionEnabled: false, pageLoadStrategy: normal, platform: WINDOWS, platformName: WINDOWS, proxy: Proxy(), setWindowRect: true, strictFileInteractability: false, timeouts: {implicit: 0, pageLoad: 300000, script: 30000}, unhandledPromptBehavior: dismiss and notify, webauthn:extension:credBlob: true, webauthn:extension:largeBlob: true, webauthn:virtualAuthenticators: true}
Session ID: 65ff50bf2f13b5c450d8662288c4b361
at org.openqa.selenium.remote.http.W3CHttpResponseCodec.createException(W3CHttpResponseCodec.java:187)
at org.openqa.selenium.remote.http.W3CHttpResponseCodec.decode(W3CHttpResponseCodec.java:122)
at org.openqa.selenium.remote.http.W3CHttpResponseCodec.decode(W3CHttpResponseCodec.java:49)
at org.openqa.selenium.remote.HttpCommandExecutor.execute(HttpCommandExecutor.java:158)
at org.openqa.selenium.remote.service.DriverCommandExecutor.execute(DriverCommandExecutor.java:83)
at org.openqa.selenium.remote.RemoteWebDriver.execute(RemoteWebDriver.java:552)
at org.openqa.selenium.remote.RemoteWebElement.execute(RemoteWebElement.java:285)
at org.openqa.selenium.remote.RemoteWebElement.click(RemoteWebElement.java:84)
at org.openqa.selenium.support.pagefactory.internal.LocatingElementHandler.invoke(LocatingElementHandler.java:51)
at jdk.proxy2/jdk.proxy2.$Proxy17.click(Unknown Source)
at pomPack.Login.clickOnSignin(Login.java:40)
at test.TestngClass_CrossBrowser.loginAmazon(TestngClass_CrossBrowser.java:64)
at java.base/java.util.ArrayList.forEach(ArrayList.java:1511)
... Removed 39 stack frames]]>
    </failure>
  </testcase> <!-- @BeforeMethod loginAmazon -->
  <testcase classname="test.TestngClass_CrossBrowser" name="@AfterMethod logout" time="-1.653373305214E9">
    <skipped/>
  </testcase> <!-- @AfterMethod logout -->
  <testcase classname="test.TestngClass_CrossBrowser" name="@BeforeMethod loginAmazon" time="-1.653373305219E9">
    <skipped/>
  </testcase> <!-- @BeforeMethod loginAmazon -->
  <testcase classname="test.TestngClass_CrossBrowser" name="@AfterMethod logout" time="-1.653373305225E9">
    <skipped/>
  </testcase> <!-- @AfterMethod logout -->
  <testcase classname="test.TestngClass_CrossBrowser" name="@BeforeMethod loginAmazon" time="-1.653373305233E9">
    <skipped/>
  </testcase> <!-- @BeforeMethod loginAmazon -->
  <testcase classname="test.TestngClass_CrossBrowser" name="@AfterMethod logout" time="-1.653373305238E9">
    <skipped/>
  </testcase> <!-- @AfterMethod logout -->
  <testcase classname="test.TestngClass_CrossBrowser" name="@AfterClass clearPOMObject" time="-1.653373305239E9">
    <skipped/>
  </testcase> <!-- @AfterClass clearPOMObject -->
  <testcase classname="test.TestngClass_CrossBrowser" name="@AfterTest closeBrowserSetDriverNull" time="-1.65337330524E9">
    <skipped/>
  </testcase> <!-- @AfterTest closeBrowserSetDriverNull -->
  <testcase classname="test.TestngClass_CrossBrowser" name="buyAgainTab" time="0.0">
    <skipped/>
  </testcase> <!-- buyAgainTab -->
  <testcase classname="test.TestngClass_CrossBrowser" name="giftCardTab" time="0.0">
    <skipped/>
  </testcase> <!-- giftCardTab -->
  <testcase classname="test.TestngClass_CrossBrowser" name="registrytab" time="0.0">
    <skipped/>
  </testcase> <!-- registrytab -->
</testsuite> <!-- EdgeBrowserTest -->
