<?xml version="1.0" encoding="UTF-8"?>
<!-- Generated by org.testng.reporters.JUnitXMLReporter -->
<testsuite ignored="0" hostname="DESKTOP-SO3FE79" failures="0" tests="3" name="Default test" time="53.768" errors="0" timestamp="2022-05-21T21:24:12 IST">
  <testcase classname="test.TestngClass" name="buyAgainTab" time="6.118"/>
  <testcase classname="test.TestngClass" name="giftCardTab" time="10.115"/>
  <testcase classname="test.TestngClass" name="registrytab" time="7.502"/>
</testsuite> <!-- Default test -->
